[2024-08-09 14:47:57]=>(INFO) zookeeper connected
[2024-08-09 14:47:57]=>(INFO) zookeeper start success
[2024-08-09 14:47:57]=>(INFO) node exist
[2024-08-09 14:47:57]=>(INFO) create node success
[2024-08-09 14:47:57]=>(INFO) create node success
[2024-08-09 14:47:57]=>(INFO) create node success
[2024-08-09 14:49:13]=>(INFO) zookeeper connected
[2024-08-09 14:49:13]=>(INFO) zookeeper start success
[2024-08-09 14:49:13]=>(INFO) send response success!
[2024-08-09 14:49:13]=>(INFO) client disconnected!
[2024-08-09 16:01:06]=>(INFO) zookeeper connected
[2024-08-09 16:01:06]=>(INFO) zookeeper start success
[2024-08-09 16:01:06]=>(INFO) node exist
[2024-08-09 16:01:06]=>(INFO) create node success
[2024-08-09 16:01:06]=>(INFO) create node success
[2024-08-09 16:01:06]=>(INFO) create node success
[2024-08-09 16:01:17]=>(INFO) zookeeper connected
[2024-08-09 16:01:17]=>(INFO) zookeeper start success
[2024-08-09 16:01:17]=>(INFO) send response success!
[2024-08-09 16:01:17]=>(INFO) client disconnected!
[2024-08-09 17:03:53]=>(INFO) zookeeper connected
[2024-08-09 17:03:53]=>(INFO) zookeeper start success
[2024-08-09 17:03:53]=>(INFO) node exist
[2024-08-09 17:03:53]=>(INFO) create node success
[2024-08-09 17:03:53]=>(INFO) create node success
[2024-08-09 17:03:53]=>(INFO) create node success
[2024-08-09 17:04:16]=>(INFO) zookeeper connected
[2024-08-09 17:04:16]=>(INFO) zookeeper start success
[2024-08-09 17:04:16]=>(INFO) send response success!
[2024-08-09 17:04:16]=>(INFO) client disconnected!
[2024-08-09 17:04:32]=>(INFO) zookeeper connected
[2024-08-09 17:04:32]=>(INFO) zookeeper start success
[2024-08-09 17:04:32]=>(INFO) send response success!
[2024-08-09 17:04:32]=>(INFO) client disconnected!
[2024-08-09 17:04:42]=>(INFO) zookeeper connected
[2024-08-09 17:04:42]=>(INFO) zookeeper start success
[2024-08-09 17:04:42]=>(INFO) send response success!
[2024-08-09 17:04:42]=>(INFO) client disconnected!
[2024-08-09 17:53:22]=>(INFO) zookeeper connected
[2024-08-09 17:53:22]=>(INFO) zookeeper start success
[2024-08-09 17:53:22]=>(INFO) node exist
[2024-08-09 17:53:22]=>(INFO) create node success
[2024-08-09 17:53:22]=>(INFO) create node success
[2024-08-09 17:53:22]=>(INFO) create node success
