[2024-08-12 10:54:38]=>(INFO) zookeeper connected
[2024-08-12 10:54:38]=>(INFO) zookeeper start success
[2024-08-12 10:54:38]=>(INFO) node exist
[2024-08-12 10:54:38]=>(INFO) create node success
[2024-08-12 10:54:38]=>(INFO) create node success
[2024-08-12 10:54:38]=>(INFO) create node success
[2024-08-12 10:54:54]=>(INFO) zookeeper connected
[2024-08-12 10:54:54]=>(INFO) zookeeper start success
[2024-08-12 10:54:54]=>(INFO) send response success!
[2024-08-12 10:54:54]=>(INFO) client disconnected!
[2024-08-12 11:00:56]=>(INFO) zookeeper connected
[2024-08-12 11:00:56]=>(INFO) zookeeper start success
[2024-08-12 11:00:56]=>(INFO) node exist
[2024-08-12 11:00:56]=>(INFO) create node success
[2024-08-12 11:00:56]=>(INFO) create node success
[2024-08-12 11:00:56]=>(INFO) create node success
[2024-08-12 11:01:06]=>(INFO) zookeeper connected
[2024-08-12 11:01:06]=>(INFO) zookeeper start success
[2024-08-12 11:01:06]=>(INFO) send response success!
[2024-08-12 11:01:06]=>(INFO) client disconnected!
[2024-08-12 11:04:59]=>(INFO) zookeeper connected
[2024-08-12 11:04:59]=>(INFO) zookeeper start success
[2024-08-12 11:04:59]=>(INFO) node exist
[2024-08-12 11:04:59]=>(INFO) create node success
[2024-08-12 11:04:59]=>(INFO) create node success
[2024-08-12 11:04:59]=>(INFO) create node success
[2024-08-12 11:05:06]=>(INFO) zookeeper connected
[2024-08-12 11:05:06]=>(INFO) zookeeper start success
[2024-08-12 11:05:07]=>(INFO) send response success!
[2024-08-12 11:05:07]=>(INFO) client disconnected!
[2024-08-12 11:44:55]=>(INFO) zookeeper connected
[2024-08-12 11:44:55]=>(INFO) zookeeper start success
[2024-08-12 11:44:55]=>(INFO) node exist
[2024-08-12 11:44:55]=>(INFO) create node success
[2024-08-12 11:44:55]=>(INFO) create node success
[2024-08-12 11:44:55]=>(INFO) create node success
[2024-08-12 11:45:06]=>(INFO) zookeeper connected
[2024-08-12 11:45:06]=>(INFO) zookeeper start success
[2024-08-12 11:45:06]=>(INFO) send response success!
[2024-08-12 11:45:06]=>(INFO) client disconnected!
[2024-08-12 11:46:15]=>(INFO) zookeeper connected
[2024-08-12 11:46:15]=>(INFO) zookeeper start success
[2024-08-12 11:46:15]=>(INFO) node exist
[2024-08-12 11:46:15]=>(INFO) create node success
[2024-08-12 11:46:15]=>(INFO) create node success
[2024-08-12 11:46:15]=>(INFO) create node success
[2024-08-12 11:46:21]=>(INFO) zookeeper connected
[2024-08-12 11:46:21]=>(INFO) zookeeper start success
[2024-08-12 11:46:21]=>(INFO) send response success!
[2024-08-12 11:46:21]=>(INFO) client disconnected!
[2024-08-12 11:46:54]=>(INFO) zookeeper connected
[2024-08-12 11:46:54]=>(INFO) zookeeper start success
[2024-08-12 11:46:54]=>(INFO) send response success!
[2024-08-12 11:46:54]=>(INFO) client disconnected!
[2024-08-12 12:58:05]=>(INFO) zookeeper connected
[2024-08-12 12:58:05]=>(INFO) zookeeper start success
[2024-08-12 12:58:05]=>(INFO) node exist
[2024-08-12 12:58:05]=>(INFO) create node success
[2024-08-12 12:58:05]=>(INFO) create node success
[2024-08-12 12:58:05]=>(INFO) create node success
[2024-08-12 13:03:15]=>(INFO) zookeeper connected
[2024-08-12 13:03:15]=>(INFO) zookeeper start success
[2024-08-12 13:03:15]=>(INFO) node exist
[2024-08-12 13:03:15]=>(INFO) create node success
[2024-08-12 13:03:15]=>(INFO) create node success
[2024-08-12 13:03:15]=>(INFO) create node success
[2024-08-12 13:03:43]=>(INFO) zookeeper connected
[2024-08-12 13:03:43]=>(INFO) zookeeper start success
[2024-08-12 13:03:43]=>(INFO) node exist
[2024-08-12 13:03:43]=>(INFO) node exist
[2024-08-12 13:03:43]=>(INFO) node exist
[2024-08-12 13:03:43]=>(INFO) node exist
[2024-08-12 13:13:40]=>(INFO) zookeeper connected
[2024-08-12 13:13:40]=>(INFO) zookeeper start success
[2024-08-12 13:13:40]=>(INFO) node exist
[2024-08-12 13:13:40]=>(INFO) create node success
[2024-08-12 13:13:40]=>(INFO) create node success
[2024-08-12 13:13:40]=>(INFO) create node success
[2024-08-12 13:14:13]=>(INFO) zookeeper connected
[2024-08-12 13:14:13]=>(INFO) zookeeper start success
[2024-08-12 13:14:13]=>(INFO) send response success!
[2024-08-12 13:14:13]=>(INFO) client disconnected!
[2024-08-12 13:14:42]=>(INFO) zookeeper connected
[2024-08-12 13:14:42]=>(INFO) zookeeper start success
[2024-08-12 13:14:42]=>(INFO) send response success!
[2024-08-12 13:14:42]=>(INFO) client disconnected!
