[2024-08-11 18:46:49]=>(INFO) zookeeper connected
[2024-08-11 18:46:49]=>(INFO) zookeeper start success
[2024-08-11 18:46:49]=>(INFO) node exist
[2024-08-11 18:46:49]=>(INFO) create node success
[2024-08-11 18:46:49]=>(INFO) create node success
[2024-08-11 18:46:49]=>(INFO) create node success
[2024-08-11 19:19:08]=>(INFO) zookeeper connected
[2024-08-11 19:19:08]=>(INFO) zookeeper start success
[2024-08-11 19:19:08]=>(INFO) node exist
[2024-08-11 19:19:08]=>(INFO) create node success
[2024-08-11 19:19:08]=>(INFO) create node success
[2024-08-11 19:19:08]=>(INFO) create node success
[2024-08-11 19:19:53]=>(INFO) zookeeper connected
[2024-08-11 19:19:53]=>(INFO) zookeeper start success
[2024-08-11 19:19:53]=>(INFO) send response success!
[2024-08-11 19:19:53]=>(INFO) client disconnected!
[2024-08-11 19:28:32]=>(INFO) zookeeper connected
[2024-08-11 19:28:32]=>(INFO) zookeeper start success
[2024-08-11 19:28:32]=>(INFO) node exist
[2024-08-11 19:28:32]=>(INFO) create node success
[2024-08-11 19:28:32]=>(INFO) create node success
[2024-08-11 19:28:32]=>(INFO) create node success
[2024-08-11 19:28:42]=>(INFO) zookeeper connected
[2024-08-11 19:28:42]=>(INFO) zookeeper start success
[2024-08-11 19:28:42]=>(INFO) send response success!
[2024-08-11 19:28:42]=>(INFO) client disconnected!
[2024-08-11 19:29:04]=>(INFO) zookeeper connected
[2024-08-11 19:29:04]=>(INFO) zookeeper start success
[2024-08-11 19:29:04]=>(INFO) node exist
[2024-08-11 19:29:04]=>(INFO) node exist
[2024-08-11 19:29:04]=>(INFO) node exist
[2024-08-11 19:29:04]=>(INFO) node exist
[2024-08-11 19:29:13]=>(INFO) zookeeper connected
[2024-08-11 19:29:13]=>(INFO) zookeeper start success
[2024-08-11 19:29:13]=>(INFO) send response success!
[2024-08-11 19:29:13]=>(INFO) client disconnected!
[2024-08-11 19:31:00]=>(INFO) zookeeper connected
[2024-08-11 19:31:00]=>(INFO) zookeeper start success
[2024-08-11 19:31:00]=>(INFO) node exist
[2024-08-11 19:31:00]=>(INFO) create node success
[2024-08-11 19:31:00]=>(INFO) create node success
[2024-08-11 19:31:00]=>(INFO) create node success
[2024-08-11 19:31:09]=>(INFO) zookeeper connected
[2024-08-11 19:31:09]=>(INFO) zookeeper start success
[2024-08-11 19:31:09]=>(INFO) send response success!
[2024-08-11 19:31:09]=>(INFO) client disconnected!
[2024-08-11 19:32:53]=>(INFO) zookeeper connected
[2024-08-11 19:32:53]=>(INFO) zookeeper start success
[2024-08-11 19:32:53]=>(INFO) node exist
[2024-08-11 19:32:53]=>(INFO) create node success
[2024-08-11 19:32:53]=>(INFO) create node success
[2024-08-11 19:32:53]=>(INFO) create node success
[2024-08-11 19:33:02]=>(INFO) zookeeper connected
[2024-08-11 19:33:02]=>(INFO) zookeeper start success
[2024-08-11 19:33:02]=>(INFO) send response success!
[2024-08-11 19:33:02]=>(INFO) client disconnected!
[2024-08-11 20:18:13]=>(INFO) zookeeper connected
[2024-08-11 20:18:13]=>(INFO) zookeeper start success
[2024-08-11 20:18:13]=>(INFO) node exist
[2024-08-11 20:18:13]=>(INFO) create node success
[2024-08-11 20:18:13]=>(INFO) create node success
[2024-08-11 20:18:13]=>(INFO) create node success
[2024-08-11 20:18:26]=>(INFO) zookeeper connected
[2024-08-11 20:18:26]=>(INFO) zookeeper start success
[2024-08-11 20:18:26]=>(INFO) send response success!
[2024-08-11 20:18:26]=>(INFO) client disconnected!
[2024-08-11 20:20:12]=>(INFO) zookeeper connected
[2024-08-11 20:20:12]=>(INFO) zookeeper start success
[2024-08-11 20:20:12]=>(INFO) node exist
[2024-08-11 20:20:12]=>(INFO) create node success
[2024-08-11 20:20:12]=>(INFO) create node success
[2024-08-11 20:20:12]=>(INFO) create node success
[2024-08-11 20:20:19]=>(INFO) zookeeper connected
[2024-08-11 20:20:19]=>(INFO) zookeeper start success
[2024-08-11 20:20:19]=>(INFO) send response success!
[2024-08-11 20:20:19]=>(INFO) client disconnected!
[2024-08-11 20:25:31]=>(INFO) zookeeper connected
[2024-08-11 20:25:31]=>(INFO) zookeeper start success
[2024-08-11 20:25:31]=>(INFO) node exist
[2024-08-11 20:25:31]=>(INFO) create node success
[2024-08-11 20:25:31]=>(INFO) create node success
[2024-08-11 20:25:31]=>(INFO) create node success
[2024-08-11 20:25:40]=>(INFO) zookeeper connected
[2024-08-11 20:25:40]=>(INFO) zookeeper start success
[2024-08-11 20:25:40]=>(INFO) send response success!
[2024-08-11 20:25:40]=>(INFO) client disconnected!
[2024-08-11 20:29:29]=>(INFO) zookeeper connected
[2024-08-11 20:29:29]=>(INFO) zookeeper start success
[2024-08-11 20:29:29]=>(INFO) node exist
[2024-08-11 20:29:29]=>(INFO) create node success
[2024-08-11 20:29:29]=>(INFO) create node success
[2024-08-11 20:29:29]=>(INFO) create node success
[2024-08-11 21:02:54]=>(INFO) zookeeper connected
[2024-08-11 21:02:54]=>(INFO) zookeeper start success
[2024-08-11 21:02:54]=>(INFO) node exist
[2024-08-11 21:02:54]=>(INFO) create node success
[2024-08-11 21:02:54]=>(INFO) create node success
[2024-08-11 21:02:54]=>(INFO) create node success
[2024-08-11 21:03:14]=>(INFO) zookeeper connected
[2024-08-11 21:03:14]=>(INFO) zookeeper start success
[2024-08-11 21:03:14]=>(INFO) create node success
[2024-08-11 21:03:14]=>(INFO) create node success
[2024-08-11 21:03:14]=>(INFO) create node success
[2024-08-11 21:03:14]=>(INFO) create node success
[2024-08-11 21:03:14]=>(INFO) create node success
[2024-08-11 21:03:41]=>(INFO) zookeeper connected
[2024-08-11 21:03:41]=>(INFO) zookeeper start success
[2024-08-11 21:03:41]=>(INFO) send response success!
[2024-08-11 21:03:41]=>(INFO) client disconnected!
[2024-08-11 21:08:11]=>(INFO) zookeeper connected
[2024-08-11 21:08:11]=>(INFO) zookeeper start success
[2024-08-11 21:08:11]=>(INFO) node exist
[2024-08-11 21:08:11]=>(INFO) create node success
[2024-08-11 21:08:11]=>(INFO) create node success
[2024-08-11 21:08:11]=>(INFO) create node success
[2024-08-11 21:08:15]=>(INFO) zookeeper connected
[2024-08-11 21:08:15]=>(INFO) zookeeper start success
[2024-08-11 21:08:15]=>(INFO) node exist
[2024-08-11 21:08:15]=>(INFO) create node success
[2024-08-11 21:08:15]=>(INFO) create node success
[2024-08-11 21:08:15]=>(INFO) create node success
[2024-08-11 21:08:15]=>(INFO) create node success
[2024-08-11 21:08:23]=>(INFO) zookeeper connected
[2024-08-11 21:08:23]=>(INFO) zookeeper start success
[2024-08-11 21:08:23]=>(INFO) send response success!
[2024-08-11 21:08:23]=>(INFO) client disconnected!
[2024-08-11 21:14:52]=>(INFO) zookeeper connected
[2024-08-11 21:14:52]=>(INFO) zookeeper start success
[2024-08-11 21:14:52]=>(INFO) node exist
[2024-08-11 21:14:52]=>(INFO) create node success
[2024-08-11 21:14:52]=>(INFO) create node success
[2024-08-11 21:14:52]=>(INFO) create node success
[2024-08-11 21:14:55]=>(INFO) zookeeper connected
[2024-08-11 21:14:55]=>(INFO) zookeeper start success
[2024-08-11 21:14:55]=>(INFO) node exist
[2024-08-11 21:14:55]=>(INFO) create node success
[2024-08-11 21:14:55]=>(INFO) create node success
[2024-08-11 21:14:55]=>(INFO) create node success
[2024-08-11 21:14:55]=>(INFO) create node success
[2024-08-11 21:15:04]=>(INFO) zookeeper connected
[2024-08-11 21:15:04]=>(INFO) zookeeper start success
[2024-08-11 21:15:04]=>(INFO) send response success!
[2024-08-11 21:15:04]=>(INFO) client disconnected!
[2024-08-11 21:15:09]=>(INFO) zookeeper connected
[2024-08-11 21:15:09]=>(INFO) zookeeper start success
[2024-08-11 21:15:09]=>(INFO) send response success!
[2024-08-11 21:15:09]=>(INFO) client disconnected!
[2024-08-11 21:15:31]=>(INFO) zookeeper connected
[2024-08-11 21:15:31]=>(INFO) zookeeper start success
[2024-08-11 21:15:31]=>(INFO) send response success!
[2024-08-11 21:15:31]=>(INFO) client disconnected!
[2024-08-11 21:15:39]=>(INFO) zookeeper connected
[2024-08-11 21:15:39]=>(INFO) zookeeper start success
[2024-08-11 21:15:39]=>(INFO) send response success!
[2024-08-11 21:15:39]=>(INFO) client disconnected!
[2024-08-11 21:17:15]=>(INFO) zookeeper connected
[2024-08-11 21:17:15]=>(INFO) zookeeper start success
[2024-08-11 21:17:15]=>(INFO) send response success!
[2024-08-11 21:17:15]=>(INFO) client disconnected!
[2024-08-11 21:33:36]=>(INFO) zookeeper connected
[2024-08-11 21:33:36]=>(INFO) zookeeper start success
[2024-08-11 21:33:36]=>(INFO) node exist
[2024-08-11 21:33:36]=>(INFO) create node success
[2024-08-11 21:33:36]=>(INFO) create node success
[2024-08-11 21:33:36]=>(INFO) create node success
[2024-08-11 21:33:41]=>(INFO) zookeeper connected
[2024-08-11 21:33:41]=>(INFO) zookeeper start success
[2024-08-11 21:33:41]=>(INFO) node exist
[2024-08-11 21:33:41]=>(INFO) create node success
[2024-08-11 21:33:41]=>(INFO) create node success
[2024-08-11 21:33:41]=>(INFO) create node success
[2024-08-11 21:33:41]=>(INFO) create node success
[2024-08-11 21:33:59]=>(INFO) zookeeper connected
[2024-08-11 21:33:59]=>(INFO) zookeeper start success
[2024-08-11 21:33:59]=>(INFO) send response success!
[2024-08-11 21:33:59]=>(INFO) client disconnected!
[2024-08-11 21:34:18]=>(INFO) zookeeper connected
[2024-08-11 21:34:18]=>(INFO) zookeeper start success
[2024-08-11 21:34:18]=>(INFO) send response success!
[2024-08-11 21:34:18]=>(INFO) client disconnected!
[2024-08-11 21:45:36]=>(INFO) zookeeper connected
[2024-08-11 21:45:36]=>(INFO) zookeeper start success
[2024-08-11 21:45:36]=>(INFO) node exist
[2024-08-11 21:45:36]=>(INFO) create node success
[2024-08-11 21:45:36]=>(INFO) create node success
[2024-08-11 21:45:36]=>(INFO) create node success
[2024-08-11 21:45:38]=>(INFO) zookeeper connected
[2024-08-11 21:45:38]=>(INFO) zookeeper start success
[2024-08-11 21:45:38]=>(INFO) node exist
[2024-08-11 21:45:38]=>(INFO) create node success
[2024-08-11 21:45:38]=>(INFO) create node success
[2024-08-11 21:45:38]=>(INFO) create node success
[2024-08-11 21:45:38]=>(INFO) create node success
[2024-08-11 21:46:10]=>(INFO) zookeeper connected
[2024-08-11 21:46:10]=>(INFO) zookeeper start success
[2024-08-11 21:46:11]=>(INFO) send response success!
[2024-08-11 21:46:11]=>(INFO) client disconnected!
[2024-08-11 22:19:28]=>(INFO) zookeeper connected
[2024-08-11 22:19:28]=>(INFO) zookeeper start success
[2024-08-11 22:19:28]=>(INFO) node exist
[2024-08-11 22:19:28]=>(INFO) create node success
[2024-08-11 22:19:28]=>(INFO) create node success
[2024-08-11 22:19:28]=>(INFO) create node success
[2024-08-11 22:19:30]=>(INFO) zookeeper connected
[2024-08-11 22:19:30]=>(INFO) zookeeper start success
[2024-08-11 22:19:30]=>(INFO) node exist
[2024-08-11 22:19:30]=>(INFO) create node success
[2024-08-11 22:19:30]=>(INFO) create node success
[2024-08-11 22:19:30]=>(INFO) create node success
[2024-08-11 22:19:30]=>(INFO) create node success
[2024-08-11 22:19:49]=>(INFO) zookeeper connected
[2024-08-11 22:19:49]=>(INFO) zookeeper start success
[2024-08-11 22:19:49]=>(INFO) send response success!
[2024-08-11 22:19:49]=>(INFO) client disconnected!
[2024-08-11 22:20:12]=>(INFO) zookeeper connected
[2024-08-11 22:20:12]=>(INFO) zookeeper start success
[2024-08-11 22:20:13]=>(INFO) send response success!
[2024-08-11 22:20:13]=>(INFO) client disconnected!
